Arguments: 
  C:\Program Files\nodejs\node.exe C:\Program Files (x86)\Yarn\bin\yarn.js add node:fs

PATH: 
  C:\Program Files (x86)\Razer Chroma SDK\bin;C:\Program Files\Razer Chroma SDK\bin;C:\Program Files (x86)\Razer\ChromaBroadcast\bin;C:\Program Files\Razer\ChromaBroadcast\bin;C:\Program Files\Common Files\Oracle\Java\javapath;C:\Program Files (x86)\Common Files\Oracle\Java\javapath;C:\Windows\system32;C:\Windows;C:\Windows\System32\Wbem;C:\Windows\System32\WindowsPowerShell\v1.0\;C:\Windows\System32\OpenSSH\;C:\Program Files\dotnet\;C:\MinGW\bin;C:\Users\賀皓群chris\AppData\Local\Programs\Python\Python310;C:;Users\賀皓群chris\AppData\Local\Programs\Python\Python310\Scripts;C:;MinGW\mingw32\bin;C:\Windows\system32\config\systemprofile\AppData\Local\Microsoft\WindowsApps;C:\Program Files\Microsoft SQL Server\150\Tools\Binn\;C:\Program Files\Microsoft SQL Server\Client SDK\ODBC\170\Tools\Binn\;C:\Program Files\Git\cmd;C:\Users\賀皓群chris\AppData\Roaming\nvm;C:\Program Files\nodejs;C:\Program Files\nodejs\;C:\Program Files (x86)\Yarn\bin\;C:\xampp\php;C:\ProgramData\ComposerSetup\bin;C:\nginx-1.25.1;C:\Users\賀皓群chris\AppData\Local\Programs\Python\Python311\Scripts\;C:\Users\賀皓群chris\AppData\Local\Programs\Python\Python311\;C:\Users\賀皓群chris\AppData\Local\Microsoft\WindowsApps;C:\Users\賀皓群chris\AppData\Local\Programs\Microsoft VS Code\bin;C:\Program Files\heroku\bin;C:\Users\賀皓群chris\AppData\Roaming\nvm;C:\Program Files\nodejs;C:\Users\賀皓群chris\AppData\Roaming\npm;C:\Users\賀皓群chris\AppData\Local\Yarn\bin;C:\Users\賀皓群chris\AppData\Roaming\Composer\vendor\bin;C:\Users\賀皓群chris\.dotnet\tools;C:\Users\賀皓群chris\AppData\Local\GitHubDesktop\bin

Yarn version: 
  1.22.19

Node version: 
  18.12.1

Platform: 
  win32 x64

Trace: 
  Error: https://registry.yarnpkg.com/node:fs: Not found
      at params.callback [as _callback] (C:\Program Files (x86)\Yarn\lib\cli.js:66145:18)
      at self.callback (C:\Program Files (x86)\Yarn\lib\cli.js:140890:22)
      at Request.emit (node:events:513:28)
      at Request.<anonymous> (C:\Program Files (x86)\Yarn\lib\cli.js:141862:10)
      at Request.emit (node:events:513:28)
      at IncomingMessage.<anonymous> (C:\Program Files (x86)\Yarn\lib\cli.js:141784:12)
      at Object.onceWrapper (node:events:627:28)
      at IncomingMessage.emit (node:events:525:35)
      at endReadableNT (node:internal/streams/readable:1359:12)
      at process.processTicksAndRejections (node:internal/process/task_queues:82:21)

npm manifest: 
  {
      "type": "module",
      "dependencies": {
          "chalk": "^5.3.0",
          "colors-console": "^1.0.3",
          "discord.js": "^14.12.1",
          "dotenv": "^16.3.1"
      },
      "scripts": {
          "run": "node index.js"
      }
  }

yarn manifest: 
  No manifest

Lockfile: 
  # THIS IS AN AUTOGENERATED FILE. DO NOT EDIT THIS FILE DIRECTLY.
  # yarn lockfile v1
  
  
  "@discordjs/builders@^1.6.4":
    version "1.6.4"
    resolved "https://registry.npmjs.org/@discordjs/builders/-/builders-1.6.4.tgz"
    integrity sha512-ARFKvmAkLhfkQQiNxqi0YIWqwUExvBRtvdtMFVJXvJoibsGkFrB/DWTf9byU7BTVUfsmW8w7NM55tYXR5S/iSg==
    dependencies:
      "@discordjs/formatters" "^0.3.1"
      "@discordjs/util" "^1.0.0"
      "@sapphire/shapeshift" "^3.9.2"
      discord-api-types "^0.37.50"
      fast-deep-equal "^3.1.3"
      ts-mixer "^6.0.3"
      tslib "^2.6.1"
  
  "@discordjs/collection@^1.5.2":
    version "1.5.2"
    resolved "https://registry.npmjs.org/@discordjs/collection/-/collection-1.5.2.tgz"
    integrity sha512-LDplPy8SPbc8MYkuCdnLRGWqygAX97E8NH7gA9uz+NZ/hXknUKJHuxsOmhC6pmHnF9Zmg0kvfwrDjGsRIljt9g==
  
  "@discordjs/formatters@^0.3.1":
    version "0.3.1"
    resolved "https://registry.npmjs.org/@discordjs/formatters/-/formatters-0.3.1.tgz"
    integrity sha512-M7X4IGiSeh4znwcRGcs+49B5tBkNDn4k5bmhxJDAUhRxRHTiFAOTVUNQ6yAKySu5jZTnCbSvTYHW3w0rAzV1MA==
    dependencies:
      discord-api-types "^0.37.41"
  
  "@discordjs/rest@^2.0.0":
    version "2.0.0"
    resolved "https://registry.npmjs.org/@discordjs/rest/-/rest-2.0.0.tgz"
    integrity sha512-CW9ldfzsRzUbHcS4Oqu5+Moo+yrQ5qQ9groKNxPOzcoq2nuXa/fXOXkuQtQHcTeSVXsC9cmJ56M8gBDBUyLgGA==
    dependencies:
      "@discordjs/collection" "^1.5.2"
      "@discordjs/util" "^1.0.0"
      "@sapphire/async-queue" "^1.5.0"
      "@sapphire/snowflake" "^3.5.1"
      "@vladfrangu/async_event_emitter" "^2.2.2"
      discord-api-types "^0.37.50"
      magic-bytes.js "^1.0.15"
      tslib "^2.6.1"
      undici "^5.22.1"
  
  "@discordjs/util@^1.0.0":
    version "1.0.0"
    resolved "https://registry.npmjs.org/@discordjs/util/-/util-1.0.0.tgz"
    integrity sha512-U2Iiab0mo8cFe+o4ZY4GROoAetGjFYA1PhhxiXEW82LuPUjOU/seHZDtVjDpOf6n3rz4IRm84wNtgHdpqRY5CA==
  
  "@discordjs/ws@^1.0.0":
    version "1.0.0"
    resolved "https://registry.npmjs.org/@discordjs/ws/-/ws-1.0.0.tgz"
    integrity sha512-POiImjuQJzwCxjJs4JCtDcTjzvjVsVQbnsaoW/F03yTVdrj/xSpmgv4383AnpNEYXI+CA6ggkz37phZDsZQ1NQ==
    dependencies:
      "@discordjs/collection" "^1.5.2"
      "@discordjs/rest" "^2.0.0"
      "@discordjs/util" "^1.0.0"
      "@sapphire/async-queue" "^1.5.0"
      "@types/ws" "^8.5.5"
      "@vladfrangu/async_event_emitter" "^2.2.2"
      discord-api-types "^0.37.50"
      tslib "^2.6.1"
      ws "^8.13.0"
  
  "@sapphire/async-queue@^1.5.0":
    version "1.5.0"
    resolved "https://registry.npmjs.org/@sapphire/async-queue/-/async-queue-1.5.0.tgz"
    integrity sha512-JkLdIsP8fPAdh9ZZjrbHWR/+mZj0wvKS5ICibcLrRI1j84UmLMshx5n9QmL8b95d4onJ2xxiyugTgSAX7AalmA==
  
  "@sapphire/shapeshift@^3.9.2":
    version "3.9.2"
    resolved "https://registry.npmjs.org/@sapphire/shapeshift/-/shapeshift-3.9.2.tgz"
    integrity sha512-YRbCXWy969oGIdqR/wha62eX8GNHsvyYi0Rfd4rNW6tSVVa8p0ELiMEuOH/k8rgtvRoM+EMV7Csqz77YdwiDpA==
    dependencies:
      fast-deep-equal "^3.1.3"
      lodash "^4.17.21"
  
  "@sapphire/snowflake@^3.5.1":
    version "3.5.1"
    resolved "https://registry.npmjs.org/@sapphire/snowflake/-/snowflake-3.5.1.tgz"
    integrity sha512-BxcYGzgEsdlG0dKAyOm0ehLGm2CafIrfQTZGWgkfKYbj+pNNsorZ7EotuZukc2MT70E0UbppVbtpBrqpzVzjNA==
  
  "@types/node@*":
    version "20.4.7"
    resolved "https://registry.npmjs.org/@types/node/-/node-20.4.7.tgz"
    integrity sha512-bUBrPjEry2QUTsnuEjzjbS7voGWCc30W0qzgMf90GPeDGFRakvrz47ju+oqDAKCXLUCe39u57/ORMl/O/04/9g==
  
  "@types/ws@^8.5.5":
    version "8.5.5"
    resolved "https://registry.npmjs.org/@types/ws/-/ws-8.5.5.tgz"
    integrity sha512-lwhs8hktwxSjf9UaZ9tG5M03PGogvFaH8gUgLNbN9HKIg0dvv6q+gkSuJ8HN4/VbyxkuLzCjlN7GquQ0gUJfIg==
    dependencies:
      "@types/node" "*"
  
  "@vladfrangu/async_event_emitter@^2.2.2":
    version "2.2.2"
    resolved "https://registry.npmjs.org/@vladfrangu/async_event_emitter/-/async_event_emitter-2.2.2.tgz"
    integrity sha512-HIzRG7sy88UZjBJamssEczH5q7t5+axva19UbZLO6u0ySbYPrwzWiXBcC0WuHyhKKoeCyneH+FvYzKQq/zTtkQ==
  
  busboy@^1.6.0:
    version "1.6.0"
    resolved "https://registry.npmjs.org/busboy/-/busboy-1.6.0.tgz"
    integrity sha512-8SFQbg/0hQ9xy3UNTB0YEnsNBbWfhf7RtnzpL7TkBiTBRfrQ9Fxcnz7VJsleJpyp6rVLvXiuORqjlHi5q+PYuA==
    dependencies:
      streamsearch "^1.1.0"
  
  chalk@^5.3.0:
    version "5.3.0"
    resolved "https://registry.yarnpkg.com/chalk/-/chalk-5.3.0.tgz#67c20a7ebef70e7f3970a01f90fa210cb6860385"
    integrity sha512-dLitG79d+GV1Nb/VYcCDFivJeK1hiukt9QjRNVOsUtTy1rR1YJsmpGGTZ3qJos+uw7WmWF4wUwBd9jxjocFC2w==
  
  colors-console@^1.0.3:
    version "1.0.3"
    resolved "https://registry.yarnpkg.com/colors-console/-/colors-console-1.0.3.tgz#5e7a20b26e8ef2d2540768c8c9250c3f545b598b"
    integrity sha512-Q31K32UwadWqAxs+Iu46gNm4HJqUwrTJT2zen5NnhkKE5w7uqeZQZiuODUOxM/zOtHfiUTkia0io6zbN/VcCUQ==
  
  discord-api-types@^0.37.41, discord-api-types@^0.37.50:
    version "0.37.51"
    resolved "https://registry.npmjs.org/discord-api-types/-/discord-api-types-0.37.51.tgz"
    integrity sha512-tdmdH98t3zgjQF6zwOHl0OB/PCBiE4aVsNTuN7m0PfU2jOLx3lNoU6xTeFALntUtlIxN80GTr9RPQR4t7msjSg==
  
  discord.js@^14.12.1:
    version "14.12.1"
    resolved "https://registry.npmjs.org/discord.js/-/discord.js-14.12.1.tgz"
    integrity sha512-gGjhTkauIPgFXxpBl0UZgyehrKhDe90cIS8Hn1xFBYQ63EuUAkKoUqRNmc/pcla6DD16s4cUz5tAbdSpXivnxw==
    dependencies:
      "@discordjs/builders" "^1.6.4"
      "@discordjs/collection" "^1.5.2"
      "@discordjs/formatters" "^0.3.1"
      "@discordjs/rest" "^2.0.0"
      "@discordjs/util" "^1.0.0"
      "@discordjs/ws" "^1.0.0"
      "@sapphire/snowflake" "^3.5.1"
      "@types/ws" "^8.5.5"
      discord-api-types "^0.37.50"
      fast-deep-equal "^3.1.3"
      lodash.snakecase "^4.1.1"
      tslib "^2.6.1"
      undici "^5.22.1"
      ws "^8.13.0"
  
  dotenv@^16.3.1:
    version "16.3.1"
    resolved "https://registry.yarnpkg.com/dotenv/-/dotenv-16.3.1.tgz#369034de7d7e5b120972693352a3bf112172cc3e"
    integrity sha512-IPzF4w4/Rd94bA9imS68tZBaYyBWSCE47V1RGuMrB94iyTOIEwRmVL2x/4An+6mETpLrKJ5hQkB8W4kFAadeIQ==
  
  fast-deep-equal@^3.1.3:
    version "3.1.3"
    resolved "https://registry.npmjs.org/fast-deep-equal/-/fast-deep-equal-3.1.3.tgz"
    integrity sha512-f3qQ9oQy9j2AhBe/H9VC91wLmKBCCU/gDOnKNAYG5hswO7BLKj09Hc5HYNz9cGI++xlpDCIgDaitVs03ATR84Q==
  
  lodash.snakecase@^4.1.1:
    version "4.1.1"
    resolved "https://registry.npmjs.org/lodash.snakecase/-/lodash.snakecase-4.1.1.tgz"
    integrity sha512-QZ1d4xoBHYUeuouhEq3lk3Uq7ldgyFXGBhg04+oRLnIz8o9T65Eh+8YdroUwn846zchkA9yDsDl5CVVaV2nqYw==
  
  lodash@^4.17.21:
    version "4.17.21"
    resolved "https://registry.npmjs.org/lodash/-/lodash-4.17.21.tgz"
    integrity sha512-v2kDEe57lecTulaDIuNTPy3Ry4gLGJ6Z1O3vE1krgXZNrsQ+LFTGHVxVjcXPs17LhbZVGedAJv8XZ1tvj5FvSg==
  
  magic-bytes.js@^1.0.15:
    version "1.0.15"
    resolved "https://registry.npmjs.org/magic-bytes.js/-/magic-bytes.js-1.0.15.tgz"
    integrity sha512-bpRmwbRHqongRhA+mXzbLWjVy7ylqmfMBYaQkSs6pac0z6hBTvsgrH0r4FBYd/UYVJBmS6Rp/O+oCCQVLzKV1g==
  
  streamsearch@^1.1.0:
    version "1.1.0"
    resolved "https://registry.npmjs.org/streamsearch/-/streamsearch-1.1.0.tgz"
    integrity sha512-Mcc5wHehp9aXz1ax6bZUyY5afg9u2rv5cqQI3mRrYkGC8rW2hM02jWuwjtL++LS5qinSyhj2QfLyNsuc+VsExg==
  
  ts-mixer@^6.0.3:
    version "6.0.3"
    resolved "https://registry.npmjs.org/ts-mixer/-/ts-mixer-6.0.3.tgz"
    integrity sha512-k43M7uCG1AkTyxgnmI5MPwKoUvS/bRvLvUb7+Pgpdlmok8AoqmUaZxUUw8zKM5B1lqZrt41GjYgnvAi0fppqgQ==
  
  tslib@^2.6.1:
    version "2.6.1"
    resolved "https://registry.npmjs.org/tslib/-/tslib-2.6.1.tgz"
    integrity sha512-t0hLfiEKfMUoqhG+U1oid7Pva4bbDPHYfJNiB7BiIjRkj1pyC++4N3huJfqY6aRH6VTB0rvtzQwjM4K6qpfOig==
  
  undici@^5.22.1:
    version "5.23.0"
    resolved "https://registry.npmjs.org/undici/-/undici-5.23.0.tgz"
    integrity sha512-1D7w+fvRsqlQ9GscLBwcAJinqcZGHUKjbOmXdlE/v8BvEGXjeWAax+341q44EuTcHXXnfyKNbKRq4Lg7OzhMmg==
    dependencies:
      busboy "^1.6.0"
  
  ws@^8.13.0:
    version "8.13.0"
    resolved "https://registry.npmjs.org/ws/-/ws-8.13.0.tgz"
    integrity sha512-x9vcZYTrFPC7aSIbj7sRCYo7L/Xb8Iy+pW0ng0wt2vCJv7M9HOMy0UoN3rr+IFC7hb7vXoqS+P9ktyLLLhO+LA==
